DEB [20200831-09:42:31.418] thr=1   paramiko.transport: starting thread (client mode): 0xec952f98
DEB [20200831-09:42:31.418] thr=1   paramiko.transport: Local version/idstring: SSH-2.0-paramiko_2.7.2
DEB [20200831-09:42:31.418] thr=1   paramiko.transport: Remote version/idstring: SSH-2.0-OpenSSH_7.6p1 Ubuntu-4ubuntu0.3
INF [20200831-09:42:31.419] thr=1   paramiko.transport: Connected (version 2.0, client OpenSSH_7.6p1)
DEB [20200831-09:42:31.420] thr=1   paramiko.transport: kex algos:['curve25519-sha256', 'curve25519-sha256@libssh.org', 'ecdh-sha2-nistp256', 'ecdh-sha2-nistp384', 'ecdh-sha2-nistp521', 'diffie-hellman-group-exchange-sha256', 'diffie-hellman-group16-sha512', 'diffie-hellman-group18-sha512', 'diffie-hellman-group14-sha256', 'diffie-hellman-group14-sha1'] server key:['ssh-rsa', 'rsa-sha2-512', 'rsa-sha2-256', 'ecdsa-sha2-nistp256', 'ssh-ed25519'] client encrypt:['chacha20-poly1305@openssh.com', 'aes128-ctr', 'aes192-ctr', 'aes256-ctr', 'aes128-gcm@openssh.com', 'aes256-gcm@openssh.com'] server encrypt:['chacha20-poly1305@openssh.com', 'aes128-ctr', 'aes192-ctr', 'aes256-ctr', 'aes128-gcm@openssh.com', 'aes256-gcm@openssh.com'] client mac:['umac-64-etm@openssh.com', 'umac-128-etm@openssh.com', 'hmac-sha2-256-etm@openssh.com', 'hmac-sha2-512-etm@openssh.com', 'hmac-sha1-etm@openssh.com', 'umac-64@openssh.com', 'umac-128@openssh.com', 'hmac-sha2-256', 'hmac-sha2-512', 'hmac-sha1'] server mac:['umac-64-etm@openssh.com', 'umac-128-etm@openssh.com', 'hmac-sha2-256-etm@openssh.com', 'hmac-sha2-512-etm@openssh.com', 'hmac-sha1-etm@openssh.com', 'umac-64@openssh.com', 'umac-128@openssh.com', 'hmac-sha2-256', 'hmac-sha2-512', 'hmac-sha1'] client compress:['none', 'zlib@openssh.com'] server compress:['none', 'zlib@openssh.com'] client lang:[''] server lang:[''] kex follows?False
DEB [20200831-09:42:31.420] thr=1   paramiko.transport: Kex agreed: curve25519-sha256@libssh.org
DEB [20200831-09:42:31.420] thr=1   paramiko.transport: HostKey agreed: ssh-ed25519
DEB [20200831-09:42:31.420] thr=1   paramiko.transport: Cipher agreed: aes128-ctr
DEB [20200831-09:42:31.420] thr=1   paramiko.transport: MAC agreed: hmac-sha2-256
DEB [20200831-09:42:31.420] thr=1   paramiko.transport: Compression agreed: none
DEB [20200831-09:42:31.426] thr=1   paramiko.transport: kex engine KexCurve25519 specified hash_algo <built-in function openssl_sha256>
DEB [20200831-09:42:31.426] thr=1   paramiko.transport: Switch to new keys ...
DEB [20200831-09:42:31.426] thr=2   paramiko.transport: Attempting password auth...
DEB [20200831-09:42:31.467] thr=1   paramiko.transport: userauth is OK
INF [20200831-09:42:31.481] thr=1   paramiko.transport: Authentication (password) successful!
DEB [20200831-09:42:31.481] thr=2   paramiko.transport: [chan 0] Max packet in: 32768 bytes
DEB [20200831-09:42:32.097] thr=1   paramiko.transport: Received global request "hostkeys-00@openssh.com"
DEB [20200831-09:42:32.097] thr=1   paramiko.transport: Rejecting "hostkeys-00@openssh.com" global request from server.
DEB [20200831-09:42:32.139] thr=1   paramiko.transport: [chan 0] Max packet out: 32768 bytes
DEB [20200831-09:42:32.139] thr=1   paramiko.transport: Secsh channel 0 opened.
DEB [20200831-09:42:32.140] thr=1   paramiko.transport: [chan 0] Sesch channel 0 request ok
INF [20200831-09:42:32.142] thr=2   paramiko.transport.sftp: [chan 0] Opened sftp connection (server version 3)
DEB [20200831-09:42:32.142] thr=2   paramiko.transport.sftp: [chan 0] normalize(b'.')
DEB [20200831-09:42:32.142] thr=2   paramiko.transport.sftp: [chan 0] stat(b'eyecare/incoming')
DEB [20200831-09:42:32.143] thr=2   paramiko.transport.sftp: [chan 0] stat(b'/home/Eyecare')
DEB [20200831-09:42:32.143] thr=2   paramiko.transport.sftp: [chan 0] normalize(b'/home/Eyecare')
INF [20200831-09:42:32.143] thr=2   paramiko.transport.sftp: [chan 0] sftp session closed.
DEB [20200831-09:42:32.144] thr=2   paramiko.transport: [chan 0] EOF sent (0)
DEB [20200831-09:44:30.943] thr=1   paramiko.transport: starting thread (client mode): 0x7641af98
DEB [20200831-09:44:30.943] thr=1   paramiko.transport: Local version/idstring: SSH-2.0-paramiko_2.7.2
DEB [20200831-09:44:30.944] thr=1   paramiko.transport: Remote version/idstring: SSH-2.0-OpenSSH_7.6p1 Ubuntu-4ubuntu0.3
INF [20200831-09:44:30.944] thr=1   paramiko.transport: Connected (version 2.0, client OpenSSH_7.6p1)
DEB [20200831-09:44:30.945] thr=1   paramiko.transport: kex algos:['curve25519-sha256', 'curve25519-sha256@libssh.org', 'ecdh-sha2-nistp256', 'ecdh-sha2-nistp384', 'ecdh-sha2-nistp521', 'diffie-hellman-group-exchange-sha256', 'diffie-hellman-group16-sha512', 'diffie-hellman-group18-sha512', 'diffie-hellman-group14-sha256', 'diffie-hellman-group14-sha1'] server key:['ssh-rsa', 'rsa-sha2-512', 'rsa-sha2-256', 'ecdsa-sha2-nistp256', 'ssh-ed25519'] client encrypt:['chacha20-poly1305@openssh.com', 'aes128-ctr', 'aes192-ctr', 'aes256-ctr', 'aes128-gcm@openssh.com', 'aes256-gcm@openssh.com'] server encrypt:['chacha20-poly1305@openssh.com', 'aes128-ctr', 'aes192-ctr', 'aes256-ctr', 'aes128-gcm@openssh.com', 'aes256-gcm@openssh.com'] client mac:['umac-64-etm@openssh.com', 'umac-128-etm@openssh.com', 'hmac-sha2-256-etm@openssh.com', 'hmac-sha2-512-etm@openssh.com', 'hmac-sha1-etm@openssh.com', 'umac-64@openssh.com', 'umac-128@openssh.com', 'hmac-sha2-256', 'hmac-sha2-512', 'hmac-sha1'] server mac:['umac-64-etm@openssh.com', 'umac-128-etm@openssh.com', 'hmac-sha2-256-etm@openssh.com', 'hmac-sha2-512-etm@openssh.com', 'hmac-sha1-etm@openssh.com', 'umac-64@openssh.com', 'umac-128@openssh.com', 'hmac-sha2-256', 'hmac-sha2-512', 'hmac-sha1'] client compress:['none', 'zlib@openssh.com'] server compress:['none', 'zlib@openssh.com'] client lang:[''] server lang:[''] kex follows?False
DEB [20200831-09:44:30.945] thr=1   paramiko.transport: Kex agreed: curve25519-sha256@libssh.org
DEB [20200831-09:44:30.945] thr=1   paramiko.transport: HostKey agreed: ssh-ed25519
DEB [20200831-09:44:30.945] thr=1   paramiko.transport: Cipher agreed: aes128-ctr
DEB [20200831-09:44:30.945] thr=1   paramiko.transport: MAC agreed: hmac-sha2-256
DEB [20200831-09:44:30.945] thr=1   paramiko.transport: Compression agreed: none
DEB [20200831-09:44:30.952] thr=1   paramiko.transport: kex engine KexCurve25519 specified hash_algo <built-in function openssl_sha256>
DEB [20200831-09:44:30.952] thr=1   paramiko.transport: Switch to new keys ...
DEB [20200831-09:44:30.952] thr=2   paramiko.transport: Attempting password auth...
DEB [20200831-09:44:30.995] thr=1   paramiko.transport: userauth is OK
INF [20200831-09:44:31.010] thr=1   paramiko.transport: Authentication (password) successful!
DEB [20200831-09:44:31.010] thr=2   paramiko.transport: [chan 0] Max packet in: 32768 bytes
DEB [20200831-09:44:31.492] thr=1   paramiko.transport: Received global request "hostkeys-00@openssh.com"
DEB [20200831-09:44:31.492] thr=1   paramiko.transport: Rejecting "hostkeys-00@openssh.com" global request from server.
DEB [20200831-09:44:31.535] thr=1   paramiko.transport: [chan 0] Max packet out: 32768 bytes
DEB [20200831-09:44:31.535] thr=1   paramiko.transport: Secsh channel 0 opened.
DEB [20200831-09:44:31.536] thr=1   paramiko.transport: [chan 0] Sesch channel 0 request ok
INF [20200831-09:44:31.538] thr=2   paramiko.transport.sftp: [chan 0] Opened sftp connection (server version 3)
DEB [20200831-09:44:31.538] thr=2   paramiko.transport.sftp: [chan 0] normalize(b'.')
DEB [20200831-09:44:31.538] thr=2   paramiko.transport.sftp: [chan 0] stat(b'eyecare/incoming')
DEB [20200831-09:44:31.539] thr=2   paramiko.transport.sftp: [chan 0] normalize(b'eyecare/incoming')
DEB [20200831-09:44:31.539] thr=2   paramiko.transport.sftp: [chan 0] listdir(b'/home/Eyecare/eyecare/incoming/.')
DEB [20200831-09:44:31.541] thr=2   paramiko.transport.sftp: [chan 0] open(b'/home/Eyecare/eyecare/incoming/31082020-A132380-H20017.txt', 'wb')
DEB [20200831-09:44:31.541] thr=2   paramiko.transport.sftp: [chan 0] open(b'/home/Eyecare/eyecare/incoming/31082020-A132380-H20017.txt', 'wb') -> 00000000
DEB [20200831-09:44:31.541] thr=2   paramiko.transport.sftp: [chan 0] close(00000000)
DEB [20200831-09:44:31.541] thr=2   paramiko.transport.sftp: [chan 0] stat(b'/home/Eyecare/eyecare/incoming/31082020-A132380-H20017.txt')
DEB [20200831-09:44:31.542] thr=2   paramiko.transport.sftp: [chan 0] open(b'/home/Eyecare/eyecare/incoming/31082020-A118508-H20017.txt', 'wb')
DEB [20200831-09:44:31.542] thr=2   paramiko.transport.sftp: [chan 0] open(b'/home/Eyecare/eyecare/incoming/31082020-A118508-H20017.txt', 'wb') -> 00000000
DEB [20200831-09:44:31.542] thr=2   paramiko.transport.sftp: [chan 0] close(00000000)
DEB [20200831-09:44:31.543] thr=2   paramiko.transport.sftp: [chan 0] stat(b'/home/Eyecare/eyecare/incoming/31082020-A118508-H20017.txt')
DEB [20200831-09:44:31.543] thr=2   paramiko.transport.sftp: [chan 0] open(b'/home/Eyecare/eyecare/incoming/31082020-A128129-H20017.txt', 'wb')
DEB [20200831-09:44:31.544] thr=2   paramiko.transport.sftp: [chan 0] open(b'/home/Eyecare/eyecare/incoming/31082020-A128129-H20017.txt', 'wb') -> 00000000
DEB [20200831-09:44:31.544] thr=2   paramiko.transport.sftp: [chan 0] close(00000000)
DEB [20200831-09:44:31.544] thr=2   paramiko.transport.sftp: [chan 0] stat(b'/home/Eyecare/eyecare/incoming/31082020-A128129-H20017.txt')
DEB [20200831-09:44:31.544] thr=2   paramiko.transport.sftp: [chan 0] open(b'/home/Eyecare/eyecare/incoming/31082020-A112609-H20017.txt', 'wb')
DEB [20200831-09:44:31.545] thr=2   paramiko.transport.sftp: [chan 0] open(b'/home/Eyecare/eyecare/incoming/31082020-A112609-H20017.txt', 'wb') -> 00000000
DEB [20200831-09:44:31.545] thr=2   paramiko.transport.sftp: [chan 0] close(00000000)
DEB [20200831-09:44:31.545] thr=2   paramiko.transport.sftp: [chan 0] stat(b'/home/Eyecare/eyecare/incoming/31082020-A112609-H20017.txt')
DEB [20200831-09:44:31.546] thr=2   paramiko.transport.sftp: [chan 0] open(b'/home/Eyecare/eyecare/incoming/31082020-A106698-H20017.txt', 'wb')
DEB [20200831-09:44:31.546] thr=2   paramiko.transport.sftp: [chan 0] open(b'/home/Eyecare/eyecare/incoming/31082020-A106698-H20017.txt', 'wb') -> 00000000
DEB [20200831-09:44:31.546] thr=2   paramiko.transport.sftp: [chan 0] close(00000000)
DEB [20200831-09:44:31.546] thr=2   paramiko.transport.sftp: [chan 0] stat(b'/home/Eyecare/eyecare/incoming/31082020-A106698-H20017.txt')
DEB [20200831-09:44:31.547] thr=2   paramiko.transport.sftp: [chan 0] open(b'/home/Eyecare/eyecare/incoming/31082020-A105322-H20017.txt', 'wb')
DEB [20200831-09:44:31.547] thr=2   paramiko.transport.sftp: [chan 0] open(b'/home/Eyecare/eyecare/incoming/31082020-A105322-H20017.txt', 'wb') -> 00000000
DEB [20200831-09:44:31.547] thr=2   paramiko.transport.sftp: [chan 0] close(00000000)
DEB [20200831-09:44:31.548] thr=2   paramiko.transport.sftp: [chan 0] stat(b'/home/Eyecare/eyecare/incoming/31082020-A105322-H20017.txt')
DEB [20200831-09:44:31.548] thr=2   paramiko.transport.sftp: [chan 0] open(b'/home/Eyecare/eyecare/incoming/31082020-A100832-H20017.txt', 'wb')
DEB [20200831-09:44:31.548] thr=2   paramiko.transport.sftp: [chan 0] open(b'/home/Eyecare/eyecare/incoming/31082020-A100832-H20017.txt', 'wb') -> 00000000
DEB [20200831-09:44:31.549] thr=2   paramiko.transport.sftp: [chan 0] close(00000000)
DEB [20200831-09:44:31.549] thr=2   paramiko.transport.sftp: [chan 0] stat(b'/home/Eyecare/eyecare/incoming/31082020-A100832-H20017.txt')
DEB [20200831-09:44:31.549] thr=2   paramiko.transport.sftp: [chan 0] stat(b'/home/Eyecare')
DEB [20200831-09:44:31.549] thr=2   paramiko.transport.sftp: [chan 0] normalize(b'/home/Eyecare')
INF [20200831-09:44:31.550] thr=2   paramiko.transport.sftp: [chan 0] sftp session closed.
DEB [20200831-09:44:31.550] thr=2   paramiko.transport: [chan 0] EOF sent (0)
DEB [20200831-09:44:31.550] thr=1   paramiko.transport: [chan 0] EOF received (0)
DEB [20200902-15:01:33.105] thr=1   paramiko.transport: starting thread (client mode): 0xa1e61f60
DEB [20200902-15:01:33.105] thr=1   paramiko.transport: Local version/idstring: SSH-2.0-paramiko_2.7.2
DEB [20200902-15:01:33.105] thr=1   paramiko.transport: Remote version/idstring: SSH-2.0-OpenSSH_7.6p1 Ubuntu-4ubuntu0.3
INF [20200902-15:01:33.105] thr=1   paramiko.transport: Connected (version 2.0, client OpenSSH_7.6p1)
DEB [20200902-15:01:33.106] thr=1   paramiko.transport: kex algos:['curve25519-sha256', 'curve25519-sha256@libssh.org', 'ecdh-sha2-nistp256', 'ecdh-sha2-nistp384', 'ecdh-sha2-nistp521', 'diffie-hellman-group-exchange-sha256', 'diffie-hellman-group16-sha512', 'diffie-hellman-group18-sha512', 'diffie-hellman-group14-sha256', 'diffie-hellman-group14-sha1'] server key:['ssh-rsa', 'rsa-sha2-512', 'rsa-sha2-256', 'ecdsa-sha2-nistp256', 'ssh-ed25519'] client encrypt:['chacha20-poly1305@openssh.com', 'aes128-ctr', 'aes192-ctr', 'aes256-ctr', 'aes128-gcm@openssh.com', 'aes256-gcm@openssh.com'] server encrypt:['chacha20-poly1305@openssh.com', 'aes128-ctr', 'aes192-ctr', 'aes256-ctr', 'aes128-gcm@openssh.com', 'aes256-gcm@openssh.com'] client mac:['umac-64-etm@openssh.com', 'umac-128-etm@openssh.com', 'hmac-sha2-256-etm@openssh.com', 'hmac-sha2-512-etm@openssh.com', 'hmac-sha1-etm@openssh.com', 'umac-64@openssh.com', 'umac-128@openssh.com', 'hmac-sha2-256', 'hmac-sha2-512', 'hmac-sha1'] server mac:['umac-64-etm@openssh.com', 'umac-128-etm@openssh.com', 'hmac-sha2-256-etm@openssh.com', 'hmac-sha2-512-etm@openssh.com', 'hmac-sha1-etm@openssh.com', 'umac-64@openssh.com', 'umac-128@openssh.com', 'hmac-sha2-256', 'hmac-sha2-512', 'hmac-sha1'] client compress:['none', 'zlib@openssh.com'] server compress:['none', 'zlib@openssh.com'] client lang:[''] server lang:[''] kex follows?False
DEB [20200902-15:01:33.106] thr=1   paramiko.transport: Kex agreed: curve25519-sha256@libssh.org
DEB [20200902-15:01:33.106] thr=1   paramiko.transport: HostKey agreed: ssh-ed25519
DEB [20200902-15:01:33.106] thr=1   paramiko.transport: Cipher agreed: aes128-ctr
DEB [20200902-15:01:33.106] thr=1   paramiko.transport: MAC agreed: hmac-sha2-256
DEB [20200902-15:01:33.107] thr=1   paramiko.transport: Compression agreed: none
DEB [20200902-15:01:33.113] thr=1   paramiko.transport: kex engine KexCurve25519 specified hash_algo <built-in function openssl_sha256>
DEB [20200902-15:01:33.113] thr=1   paramiko.transport: Switch to new keys ...
DEB [20200902-15:01:33.113] thr=2   paramiko.transport: Attempting password auth...
DEB [20200902-15:01:33.155] thr=1   paramiko.transport: userauth is OK
INF [20200902-15:01:33.164] thr=1   paramiko.transport: Authentication (password) successful!
DEB [20200902-15:01:33.165] thr=2   paramiko.transport: [chan 0] Max packet in: 32768 bytes
DEB [20200902-15:01:33.664] thr=1   paramiko.transport: Received global request "hostkeys-00@openssh.com"
DEB [20200902-15:01:33.665] thr=1   paramiko.transport: Rejecting "hostkeys-00@openssh.com" global request from server.
DEB [20200902-15:01:33.707] thr=1   paramiko.transport: [chan 0] Max packet out: 32768 bytes
DEB [20200902-15:01:33.707] thr=1   paramiko.transport: Secsh channel 0 opened.
DEB [20200902-15:01:33.709] thr=1   paramiko.transport: [chan 0] Sesch channel 0 request ok
INF [20200902-15:01:33.715] thr=2   paramiko.transport.sftp: [chan 0] Opened sftp connection (server version 3)
DEB [20200902-15:01:33.715] thr=2   paramiko.transport.sftp: [chan 0] normalize(b'.')
DEB [20200902-15:01:33.716] thr=2   paramiko.transport.sftp: [chan 0] stat(b'eyecare/outgoing')
DEB [20200902-15:01:33.716] thr=2   paramiko.transport.sftp: [chan 0] normalize(b'eyecare/outgoing')
DEB [20200902-15:01:33.717] thr=2   paramiko.transport.sftp: [chan 0] listdir(b'/home/Eyecare/eyecare/outgoing/.')
DEB [20200902-15:01:33.718] thr=2   paramiko.transport.sftp: [chan 0] stat(b'/home/Eyecare')
DEB [20200902-15:01:33.719] thr=2   paramiko.transport.sftp: [chan 0] normalize(b'/home/Eyecare')
INF [20200902-15:01:33.719] thr=2   paramiko.transport.sftp: [chan 0] sftp session closed.
DEB [20200902-15:01:33.719] thr=2   paramiko.transport: [chan 0] EOF sent (0)
DEB [20200902-15:03:28.991] thr=1   paramiko.transport: starting thread (client mode): 0x4b08df60
DEB [20200902-15:03:28.991] thr=1   paramiko.transport: Local version/idstring: SSH-2.0-paramiko_2.7.2
DEB [20200902-15:03:28.992] thr=1   paramiko.transport: Remote version/idstring: SSH-2.0-OpenSSH_7.6p1 Ubuntu-4ubuntu0.3
INF [20200902-15:03:28.992] thr=1   paramiko.transport: Connected (version 2.0, client OpenSSH_7.6p1)
DEB [20200902-15:03:28.993] thr=1   paramiko.transport: kex algos:['curve25519-sha256', 'curve25519-sha256@libssh.org', 'ecdh-sha2-nistp256', 'ecdh-sha2-nistp384', 'ecdh-sha2-nistp521', 'diffie-hellman-group-exchange-sha256', 'diffie-hellman-group16-sha512', 'diffie-hellman-group18-sha512', 'diffie-hellman-group14-sha256', 'diffie-hellman-group14-sha1'] server key:['ssh-rsa', 'rsa-sha2-512', 'rsa-sha2-256', 'ecdsa-sha2-nistp256', 'ssh-ed25519'] client encrypt:['chacha20-poly1305@openssh.com', 'aes128-ctr', 'aes192-ctr', 'aes256-ctr', 'aes128-gcm@openssh.com', 'aes256-gcm@openssh.com'] server encrypt:['chacha20-poly1305@openssh.com', 'aes128-ctr', 'aes192-ctr', 'aes256-ctr', 'aes128-gcm@openssh.com', 'aes256-gcm@openssh.com'] client mac:['umac-64-etm@openssh.com', 'umac-128-etm@openssh.com', 'hmac-sha2-256-etm@openssh.com', 'hmac-sha2-512-etm@openssh.com', 'hmac-sha1-etm@openssh.com', 'umac-64@openssh.com', 'umac-128@openssh.com', 'hmac-sha2-256', 'hmac-sha2-512', 'hmac-sha1'] server mac:['umac-64-etm@openssh.com', 'umac-128-etm@openssh.com', 'hmac-sha2-256-etm@openssh.com', 'hmac-sha2-512-etm@openssh.com', 'hmac-sha1-etm@openssh.com', 'umac-64@openssh.com', 'umac-128@openssh.com', 'hmac-sha2-256', 'hmac-sha2-512', 'hmac-sha1'] client compress:['none', 'zlib@openssh.com'] server compress:['none', 'zlib@openssh.com'] client lang:[''] server lang:[''] kex follows?False
DEB [20200902-15:03:28.993] thr=1   paramiko.transport: Kex agreed: curve25519-sha256@libssh.org
DEB [20200902-15:03:28.993] thr=1   paramiko.transport: HostKey agreed: ssh-ed25519
DEB [20200902-15:03:28.993] thr=1   paramiko.transport: Cipher agreed: aes128-ctr
DEB [20200902-15:03:28.993] thr=1   paramiko.transport: MAC agreed: hmac-sha2-256
DEB [20200902-15:03:28.993] thr=1   paramiko.transport: Compression agreed: none
DEB [20200902-15:03:28.999] thr=1   paramiko.transport: kex engine KexCurve25519 specified hash_algo <built-in function openssl_sha256>
DEB [20200902-15:03:29.000] thr=1   paramiko.transport: Switch to new keys ...
DEB [20200902-15:03:29.000] thr=2   paramiko.transport: Attempting password auth...
DEB [20200902-15:03:29.043] thr=1   paramiko.transport: userauth is OK
INF [20200902-15:03:29.052] thr=1   paramiko.transport: Authentication (password) successful!
DEB [20200902-15:03:29.052] thr=2   paramiko.transport: [chan 0] Max packet in: 32768 bytes
DEB [20200902-15:03:29.553] thr=1   paramiko.transport: Received global request "hostkeys-00@openssh.com"
DEB [20200902-15:03:29.553] thr=1   paramiko.transport: Rejecting "hostkeys-00@openssh.com" global request from server.
DEB [20200902-15:03:29.595] thr=1   paramiko.transport: [chan 0] Max packet out: 32768 bytes
DEB [20200902-15:03:29.595] thr=1   paramiko.transport: Secsh channel 0 opened.
DEB [20200902-15:03:29.597] thr=1   paramiko.transport: [chan 0] Sesch channel 0 request ok
INF [20200902-15:03:29.602] thr=2   paramiko.transport.sftp: [chan 0] Opened sftp connection (server version 3)
DEB [20200902-15:03:29.603] thr=2   paramiko.transport.sftp: [chan 0] normalize(b'.')
DEB [20200902-15:03:29.604] thr=2   paramiko.transport.sftp: [chan 0] stat(b'eyecare/outgoing')
DEB [20200902-15:03:29.605] thr=2   paramiko.transport.sftp: [chan 0] normalize(b'eyecare/outgoing')
DEB [20200902-15:03:29.606] thr=2   paramiko.transport.sftp: [chan 0] listdir(b'/home/Eyecare/eyecare/outgoing/.')
DEB [20200902-15:03:29.607] thr=2   paramiko.transport.sftp: [chan 0] stat(b'/home/Eyecare')
DEB [20200902-15:03:29.608] thr=2   paramiko.transport.sftp: [chan 0] normalize(b'/home/Eyecare')
INF [20200902-15:03:29.608] thr=2   paramiko.transport.sftp: [chan 0] sftp session closed.
DEB [20200902-15:03:29.608] thr=2   paramiko.transport: [chan 0] EOF sent (0)
DEB [20200902-15:18:45.706] thr=1   paramiko.transport: starting thread (client mode): 0x2fc8a080
DEB [20200902-15:18:45.706] thr=1   paramiko.transport: Local version/idstring: SSH-2.0-paramiko_2.7.2
DEB [20200902-15:18:45.706] thr=1   paramiko.transport: Remote version/idstring: SSH-2.0-OpenSSH_7.6p1 Ubuntu-4ubuntu0.3
INF [20200902-15:18:45.706] thr=1   paramiko.transport: Connected (version 2.0, client OpenSSH_7.6p1)
DEB [20200902-15:18:45.708] thr=1   paramiko.transport: kex algos:['curve25519-sha256', 'curve25519-sha256@libssh.org', 'ecdh-sha2-nistp256', 'ecdh-sha2-nistp384', 'ecdh-sha2-nistp521', 'diffie-hellman-group-exchange-sha256', 'diffie-hellman-group16-sha512', 'diffie-hellman-group18-sha512', 'diffie-hellman-group14-sha256', 'diffie-hellman-group14-sha1'] server key:['ssh-rsa', 'rsa-sha2-512', 'rsa-sha2-256', 'ecdsa-sha2-nistp256', 'ssh-ed25519'] client encrypt:['chacha20-poly1305@openssh.com', 'aes128-ctr', 'aes192-ctr', 'aes256-ctr', 'aes128-gcm@openssh.com', 'aes256-gcm@openssh.com'] server encrypt:['chacha20-poly1305@openssh.com', 'aes128-ctr', 'aes192-ctr', 'aes256-ctr', 'aes128-gcm@openssh.com', 'aes256-gcm@openssh.com'] client mac:['umac-64-etm@openssh.com', 'umac-128-etm@openssh.com', 'hmac-sha2-256-etm@openssh.com', 'hmac-sha2-512-etm@openssh.com', 'hmac-sha1-etm@openssh.com', 'umac-64@openssh.com', 'umac-128@openssh.com', 'hmac-sha2-256', 'hmac-sha2-512', 'hmac-sha1'] server mac:['umac-64-etm@openssh.com', 'umac-128-etm@openssh.com', 'hmac-sha2-256-etm@openssh.com', 'hmac-sha2-512-etm@openssh.com', 'hmac-sha1-etm@openssh.com', 'umac-64@openssh.com', 'umac-128@openssh.com', 'hmac-sha2-256', 'hmac-sha2-512', 'hmac-sha1'] client compress:['none', 'zlib@openssh.com'] server compress:['none', 'zlib@openssh.com'] client lang:[''] server lang:[''] kex follows?False
DEB [20200902-15:18:45.708] thr=1   paramiko.transport: Kex agreed: curve25519-sha256@libssh.org
DEB [20200902-15:18:45.708] thr=1   paramiko.transport: HostKey agreed: ssh-ed25519
DEB [20200902-15:18:45.708] thr=1   paramiko.transport: Cipher agreed: aes128-ctr
DEB [20200902-15:18:45.708] thr=1   paramiko.transport: MAC agreed: hmac-sha2-256
DEB [20200902-15:18:45.708] thr=1   paramiko.transport: Compression agreed: none
DEB [20200902-15:18:45.714] thr=1   paramiko.transport: kex engine KexCurve25519 specified hash_algo <built-in function openssl_sha256>
DEB [20200902-15:18:45.715] thr=1   paramiko.transport: Switch to new keys ...
DEB [20200902-15:18:45.715] thr=2   paramiko.transport: Attempting password auth...
DEB [20200902-15:18:45.755] thr=1   paramiko.transport: userauth is OK
INF [20200902-15:18:45.763] thr=1   paramiko.transport: Authentication (password) successful!
DEB [20200902-15:18:45.763] thr=2   paramiko.transport: [chan 0] Max packet in: 32768 bytes
DEB [20200902-15:18:46.275] thr=1   paramiko.transport: Received global request "hostkeys-00@openssh.com"
DEB [20200902-15:18:46.275] thr=1   paramiko.transport: Rejecting "hostkeys-00@openssh.com" global request from server.
DEB [20200902-15:18:46.319] thr=1   paramiko.transport: [chan 0] Max packet out: 32768 bytes
DEB [20200902-15:18:46.319] thr=1   paramiko.transport: Secsh channel 0 opened.
DEB [20200902-15:18:46.321] thr=1   paramiko.transport: [chan 0] Sesch channel 0 request ok
INF [20200902-15:18:46.326] thr=2   paramiko.transport.sftp: [chan 0] Opened sftp connection (server version 3)
DEB [20200902-15:18:46.326] thr=2   paramiko.transport.sftp: [chan 0] normalize(b'.')
DEB [20200902-15:18:46.326] thr=2   paramiko.transport.sftp: [chan 0] stat(b'eyecare/outgoing')
DEB [20200902-15:18:46.327] thr=2   paramiko.transport.sftp: [chan 0] normalize(b'eyecare/outgoing')
DEB [20200902-15:18:46.327] thr=2   paramiko.transport.sftp: [chan 0] listdir(b'/home/Eyecare/eyecare/outgoing/.')
DEB [20200902-15:18:46.329] thr=2   paramiko.transport.sftp: [chan 0] stat(b'/home/Eyecare')
DEB [20200902-15:18:46.330] thr=2   paramiko.transport.sftp: [chan 0] normalize(b'/home/Eyecare')
INF [20200902-15:18:46.330] thr=2   paramiko.transport.sftp: [chan 0] sftp session closed.
DEB [20200902-15:18:46.330] thr=2   paramiko.transport: [chan 0] EOF sent (0)
DEB [20200902-15:19:07.011] thr=1   paramiko.transport: starting thread (client mode): 0xc1e24cf8
DEB [20200902-15:19:07.011] thr=1   paramiko.transport: Local version/idstring: SSH-2.0-paramiko_2.7.2
DEB [20200902-15:19:07.013] thr=1   paramiko.transport: Remote version/idstring: SSH-2.0-OpenSSH_7.6p1 Ubuntu-4ubuntu0.3
INF [20200902-15:19:07.013] thr=1   paramiko.transport: Connected (version 2.0, client OpenSSH_7.6p1)
DEB [20200902-15:19:07.014] thr=1   paramiko.transport: kex algos:['curve25519-sha256', 'curve25519-sha256@libssh.org', 'ecdh-sha2-nistp256', 'ecdh-sha2-nistp384', 'ecdh-sha2-nistp521', 'diffie-hellman-group-exchange-sha256', 'diffie-hellman-group16-sha512', 'diffie-hellman-group18-sha512', 'diffie-hellman-group14-sha256', 'diffie-hellman-group14-sha1'] server key:['ssh-rsa', 'rsa-sha2-512', 'rsa-sha2-256', 'ecdsa-sha2-nistp256', 'ssh-ed25519'] client encrypt:['chacha20-poly1305@openssh.com', 'aes128-ctr', 'aes192-ctr', 'aes256-ctr', 'aes128-gcm@openssh.com', 'aes256-gcm@openssh.com'] server encrypt:['chacha20-poly1305@openssh.com', 'aes128-ctr', 'aes192-ctr', 'aes256-ctr', 'aes128-gcm@openssh.com', 'aes256-gcm@openssh.com'] client mac:['umac-64-etm@openssh.com', 'umac-128-etm@openssh.com', 'hmac-sha2-256-etm@openssh.com', 'hmac-sha2-512-etm@openssh.com', 'hmac-sha1-etm@openssh.com', 'umac-64@openssh.com', 'umac-128@openssh.com', 'hmac-sha2-256', 'hmac-sha2-512', 'hmac-sha1'] server mac:['umac-64-etm@openssh.com', 'umac-128-etm@openssh.com', 'hmac-sha2-256-etm@openssh.com', 'hmac-sha2-512-etm@openssh.com', 'hmac-sha1-etm@openssh.com', 'umac-64@openssh.com', 'umac-128@openssh.com', 'hmac-sha2-256', 'hmac-sha2-512', 'hmac-sha1'] client compress:['none', 'zlib@openssh.com'] server compress:['none', 'zlib@openssh.com'] client lang:[''] server lang:[''] kex follows?False
DEB [20200902-15:19:07.014] thr=1   paramiko.transport: Kex agreed: curve25519-sha256@libssh.org
DEB [20200902-15:19:07.015] thr=1   paramiko.transport: HostKey agreed: ssh-ed25519
DEB [20200902-15:19:07.015] thr=1   paramiko.transport: Cipher agreed: aes128-ctr
DEB [20200902-15:19:07.015] thr=1   paramiko.transport: MAC agreed: hmac-sha2-256
DEB [20200902-15:19:07.015] thr=1   paramiko.transport: Compression agreed: none
DEB [20200902-15:19:07.022] thr=1   paramiko.transport: kex engine KexCurve25519 specified hash_algo <built-in function openssl_sha256>
DEB [20200902-15:19:07.023] thr=1   paramiko.transport: Switch to new keys ...
DEB [20200902-15:19:07.023] thr=2   paramiko.transport: Attempting password auth...
DEB [20200902-15:19:07.063] thr=1   paramiko.transport: userauth is OK
INF [20200902-15:19:07.079] thr=1   paramiko.transport: Authentication (password) successful!
DEB [20200902-15:19:07.079] thr=2   paramiko.transport: [chan 0] Max packet in: 32768 bytes
DEB [20200902-15:19:07.586] thr=1   paramiko.transport: Received global request "hostkeys-00@openssh.com"
DEB [20200902-15:19:07.586] thr=1   paramiko.transport: Rejecting "hostkeys-00@openssh.com" global request from server.
DEB [20200902-15:19:07.627] thr=1   paramiko.transport: [chan 0] Max packet out: 32768 bytes
DEB [20200902-15:19:07.627] thr=1   paramiko.transport: Secsh channel 0 opened.
DEB [20200902-15:19:07.629] thr=1   paramiko.transport: [chan 0] Sesch channel 0 request ok
INF [20200902-15:19:07.635] thr=2   paramiko.transport.sftp: [chan 0] Opened sftp connection (server version 3)
DEB [20200902-15:19:07.635] thr=2   paramiko.transport.sftp: [chan 0] normalize(b'.')
DEB [20200902-15:19:07.636] thr=2   paramiko.transport.sftp: [chan 0] stat(b'eyecare/outgoing')
DEB [20200902-15:19:07.636] thr=2   paramiko.transport.sftp: [chan 0] normalize(b'eyecare/outgoing')
DEB [20200902-15:19:07.636] thr=2   paramiko.transport.sftp: [chan 0] listdir(b'/home/Eyecare/eyecare/outgoing/.')
DEB [20200902-15:19:07.638] thr=2   paramiko.transport.sftp: [chan 0] stat(b'/home/Eyecare')
DEB [20200902-15:19:07.639] thr=2   paramiko.transport.sftp: [chan 0] normalize(b'/home/Eyecare')
INF [20200902-15:19:07.639] thr=2   paramiko.transport.sftp: [chan 0] sftp session closed.
DEB [20200902-15:19:07.639] thr=2   paramiko.transport: [chan 0] EOF sent (0)
DEB [20200902-15:19:24.143] thr=1   paramiko.transport: starting thread (client mode): 0xa4aedd68
DEB [20200902-15:19:24.143] thr=1   paramiko.transport: Local version/idstring: SSH-2.0-paramiko_2.7.2
DEB [20200902-15:19:24.144] thr=1   paramiko.transport: Remote version/idstring: SSH-2.0-OpenSSH_7.6p1 Ubuntu-4ubuntu0.3
INF [20200902-15:19:24.144] thr=1   paramiko.transport: Connected (version 2.0, client OpenSSH_7.6p1)
DEB [20200902-15:19:24.145] thr=1   paramiko.transport: kex algos:['curve25519-sha256', 'curve25519-sha256@libssh.org', 'ecdh-sha2-nistp256', 'ecdh-sha2-nistp384', 'ecdh-sha2-nistp521', 'diffie-hellman-group-exchange-sha256', 'diffie-hellman-group16-sha512', 'diffie-hellman-group18-sha512', 'diffie-hellman-group14-sha256', 'diffie-hellman-group14-sha1'] server key:['ssh-rsa', 'rsa-sha2-512', 'rsa-sha2-256', 'ecdsa-sha2-nistp256', 'ssh-ed25519'] client encrypt:['chacha20-poly1305@openssh.com', 'aes128-ctr', 'aes192-ctr', 'aes256-ctr', 'aes128-gcm@openssh.com', 'aes256-gcm@openssh.com'] server encrypt:['chacha20-poly1305@openssh.com', 'aes128-ctr', 'aes192-ctr', 'aes256-ctr', 'aes128-gcm@openssh.com', 'aes256-gcm@openssh.com'] client mac:['umac-64-etm@openssh.com', 'umac-128-etm@openssh.com', 'hmac-sha2-256-etm@openssh.com', 'hmac-sha2-512-etm@openssh.com', 'hmac-sha1-etm@openssh.com', 'umac-64@openssh.com', 'umac-128@openssh.com', 'hmac-sha2-256', 'hmac-sha2-512', 'hmac-sha1'] server mac:['umac-64-etm@openssh.com', 'umac-128-etm@openssh.com', 'hmac-sha2-256-etm@openssh.com', 'hmac-sha2-512-etm@openssh.com', 'hmac-sha1-etm@openssh.com', 'umac-64@openssh.com', 'umac-128@openssh.com', 'hmac-sha2-256', 'hmac-sha2-512', 'hmac-sha1'] client compress:['none', 'zlib@openssh.com'] server compress:['none', 'zlib@openssh.com'] client lang:[''] server lang:[''] kex follows?False
DEB [20200902-15:19:24.145] thr=1   paramiko.transport: Kex agreed: curve25519-sha256@libssh.org
DEB [20200902-15:19:24.145] thr=1   paramiko.transport: HostKey agreed: ssh-ed25519
DEB [20200902-15:19:24.145] thr=1   paramiko.transport: Cipher agreed: aes128-ctr
DEB [20200902-15:19:24.145] thr=1   paramiko.transport: MAC agreed: hmac-sha2-256
DEB [20200902-15:19:24.145] thr=1   paramiko.transport: Compression agreed: none
DEB [20200902-15:19:24.153] thr=1   paramiko.transport: kex engine KexCurve25519 specified hash_algo <built-in function openssl_sha256>
DEB [20200902-15:19:24.154] thr=1   paramiko.transport: Switch to new keys ...
DEB [20200902-15:19:24.154] thr=2   paramiko.transport: Attempting password auth...
DEB [20200902-15:19:24.195] thr=1   paramiko.transport: userauth is OK
INF [20200902-15:19:24.211] thr=1   paramiko.transport: Authentication (password) successful!
DEB [20200902-15:19:24.211] thr=2   paramiko.transport: [chan 0] Max packet in: 32768 bytes
DEB [20200902-15:19:24.732] thr=1   paramiko.transport: Received global request "hostkeys-00@openssh.com"
DEB [20200902-15:19:24.732] thr=1   paramiko.transport: Rejecting "hostkeys-00@openssh.com" global request from server.
DEB [20200902-15:19:24.775] thr=1   paramiko.transport: [chan 0] Max packet out: 32768 bytes
DEB [20200902-15:19:24.775] thr=1   paramiko.transport: Secsh channel 0 opened.
DEB [20200902-15:19:24.776] thr=1   paramiko.transport: [chan 0] Sesch channel 0 request ok
INF [20200902-15:19:24.778] thr=2   paramiko.transport.sftp: [chan 0] Opened sftp connection (server version 3)
DEB [20200902-15:19:24.778] thr=2   paramiko.transport.sftp: [chan 0] normalize(b'.')
DEB [20200902-15:19:24.778] thr=2   paramiko.transport.sftp: [chan 0] stat(b'eyecare/outgoing')
DEB [20200902-15:19:24.779] thr=2   paramiko.transport.sftp: [chan 0] normalize(b'eyecare/outgoing')
DEB [20200902-15:19:24.779] thr=2   paramiko.transport.sftp: [chan 0] listdir(b'/home/Eyecare/eyecare/outgoing/.')
DEB [20200902-15:19:24.781] thr=2   paramiko.transport.sftp: [chan 0] stat(b'/home/Eyecare')
DEB [20200902-15:19:24.782] thr=2   paramiko.transport.sftp: [chan 0] normalize(b'/home/Eyecare')
INF [20200902-15:19:24.782] thr=2   paramiko.transport.sftp: [chan 0] sftp session closed.
DEB [20200902-15:19:24.782] thr=2   paramiko.transport: [chan 0] EOF sent (0)
DEB [20200902-15:22:22.047] thr=1   paramiko.transport: starting thread (client mode): 0x885fa080
DEB [20200902-15:22:22.047] thr=1   paramiko.transport: Local version/idstring: SSH-2.0-paramiko_2.7.2
DEB [20200902-15:22:22.049] thr=1   paramiko.transport: Remote version/idstring: SSH-2.0-OpenSSH_7.6p1 Ubuntu-4ubuntu0.3
INF [20200902-15:22:22.049] thr=1   paramiko.transport: Connected (version 2.0, client OpenSSH_7.6p1)
DEB [20200902-15:22:22.050] thr=1   paramiko.transport: kex algos:['curve25519-sha256', 'curve25519-sha256@libssh.org', 'ecdh-sha2-nistp256', 'ecdh-sha2-nistp384', 'ecdh-sha2-nistp521', 'diffie-hellman-group-exchange-sha256', 'diffie-hellman-group16-sha512', 'diffie-hellman-group18-sha512', 'diffie-hellman-group14-sha256', 'diffie-hellman-group14-sha1'] server key:['ssh-rsa', 'rsa-sha2-512', 'rsa-sha2-256', 'ecdsa-sha2-nistp256', 'ssh-ed25519'] client encrypt:['chacha20-poly1305@openssh.com', 'aes128-ctr', 'aes192-ctr', 'aes256-ctr', 'aes128-gcm@openssh.com', 'aes256-gcm@openssh.com'] server encrypt:['chacha20-poly1305@openssh.com', 'aes128-ctr', 'aes192-ctr', 'aes256-ctr', 'aes128-gcm@openssh.com', 'aes256-gcm@openssh.com'] client mac:['umac-64-etm@openssh.com', 'umac-128-etm@openssh.com', 'hmac-sha2-256-etm@openssh.com', 'hmac-sha2-512-etm@openssh.com', 'hmac-sha1-etm@openssh.com', 'umac-64@openssh.com', 'umac-128@openssh.com', 'hmac-sha2-256', 'hmac-sha2-512', 'hmac-sha1'] server mac:['umac-64-etm@openssh.com', 'umac-128-etm@openssh.com', 'hmac-sha2-256-etm@openssh.com', 'hmac-sha2-512-etm@openssh.com', 'hmac-sha1-etm@openssh.com', 'umac-64@openssh.com', 'umac-128@openssh.com', 'hmac-sha2-256', 'hmac-sha2-512', 'hmac-sha1'] client compress:['none', 'zlib@openssh.com'] server compress:['none', 'zlib@openssh.com'] client lang:[''] server lang:[''] kex follows?False
DEB [20200902-15:22:22.050] thr=1   paramiko.transport: Kex agreed: curve25519-sha256@libssh.org
DEB [20200902-15:22:22.050] thr=1   paramiko.transport: HostKey agreed: ssh-ed25519
DEB [20200902-15:22:22.050] thr=1   paramiko.transport: Cipher agreed: aes128-ctr
DEB [20200902-15:22:22.050] thr=1   paramiko.transport: MAC agreed: hmac-sha2-256
DEB [20200902-15:22:22.050] thr=1   paramiko.transport: Compression agreed: none
DEB [20200902-15:22:22.057] thr=1   paramiko.transport: kex engine KexCurve25519 specified hash_algo <built-in function openssl_sha256>
DEB [20200902-15:22:22.057] thr=1   paramiko.transport: Switch to new keys ...
DEB [20200902-15:22:22.057] thr=2   paramiko.transport: Attempting password auth...
DEB [20200902-15:22:22.099] thr=1   paramiko.transport: userauth is OK
INF [20200902-15:22:22.111] thr=1   paramiko.transport: Authentication (password) successful!
DEB [20200902-15:22:22.111] thr=2   paramiko.transport: [chan 0] Max packet in: 32768 bytes
DEB [20200902-15:22:22.616] thr=1   paramiko.transport: Received global request "hostkeys-00@openssh.com"
DEB [20200902-15:22:22.616] thr=1   paramiko.transport: Rejecting "hostkeys-00@openssh.com" global request from server.
DEB [20200902-15:22:22.659] thr=1   paramiko.transport: [chan 0] Max packet out: 32768 bytes
DEB [20200902-15:22:22.659] thr=1   paramiko.transport: Secsh channel 0 opened.
DEB [20200902-15:22:22.661] thr=1   paramiko.transport: [chan 0] Sesch channel 0 request ok
INF [20200902-15:22:22.666] thr=2   paramiko.transport.sftp: [chan 0] Opened sftp connection (server version 3)
DEB [20200902-15:22:22.666] thr=2   paramiko.transport.sftp: [chan 0] normalize(b'.')
DEB [20200902-15:22:22.666] thr=2   paramiko.transport.sftp: [chan 0] stat(b'eyecare/outgoing')
DEB [20200902-15:22:22.667] thr=2   paramiko.transport.sftp: [chan 0] normalize(b'eyecare/outgoing')
DEB [20200902-15:22:22.667] thr=2   paramiko.transport.sftp: [chan 0] listdir(b'/home/Eyecare/eyecare/outgoing/.')
DEB [20200902-15:22:22.668] thr=2   paramiko.transport.sftp: [chan 0] stat(b'/home/Eyecare')
DEB [20200902-15:22:22.669] thr=2   paramiko.transport.sftp: [chan 0] normalize(b'/home/Eyecare')
INF [20200902-15:22:22.669] thr=2   paramiko.transport.sftp: [chan 0] sftp session closed.
DEB [20200902-15:22:22.669] thr=2   paramiko.transport: [chan 0] EOF sent (0)
DEB [20200902-15:24:21.483] thr=1   paramiko.transport: starting thread (client mode): 0xa4e1be48
DEB [20200902-15:24:21.483] thr=1   paramiko.transport: Local version/idstring: SSH-2.0-paramiko_2.7.2
DEB [20200902-15:24:21.483] thr=1   paramiko.transport: Remote version/idstring: SSH-2.0-OpenSSH_7.6p1 Ubuntu-4ubuntu0.3
INF [20200902-15:24:21.483] thr=1   paramiko.transport: Connected (version 2.0, client OpenSSH_7.6p1)
DEB [20200902-15:24:21.484] thr=1   paramiko.transport: kex algos:['curve25519-sha256', 'curve25519-sha256@libssh.org', 'ecdh-sha2-nistp256', 'ecdh-sha2-nistp384', 'ecdh-sha2-nistp521', 'diffie-hellman-group-exchange-sha256', 'diffie-hellman-group16-sha512', 'diffie-hellman-group18-sha512', 'diffie-hellman-group14-sha256', 'diffie-hellman-group14-sha1'] server key:['ssh-rsa', 'rsa-sha2-512', 'rsa-sha2-256', 'ecdsa-sha2-nistp256', 'ssh-ed25519'] client encrypt:['chacha20-poly1305@openssh.com', 'aes128-ctr', 'aes192-ctr', 'aes256-ctr', 'aes128-gcm@openssh.com', 'aes256-gcm@openssh.com'] server encrypt:['chacha20-poly1305@openssh.com', 'aes128-ctr', 'aes192-ctr', 'aes256-ctr', 'aes128-gcm@openssh.com', 'aes256-gcm@openssh.com'] client mac:['umac-64-etm@openssh.com', 'umac-128-etm@openssh.com', 'hmac-sha2-256-etm@openssh.com', 'hmac-sha2-512-etm@openssh.com', 'hmac-sha1-etm@openssh.com', 'umac-64@openssh.com', 'umac-128@openssh.com', 'hmac-sha2-256', 'hmac-sha2-512', 'hmac-sha1'] server mac:['umac-64-etm@openssh.com', 'umac-128-etm@openssh.com', 'hmac-sha2-256-etm@openssh.com', 'hmac-sha2-512-etm@openssh.com', 'hmac-sha1-etm@openssh.com', 'umac-64@openssh.com', 'umac-128@openssh.com', 'hmac-sha2-256', 'hmac-sha2-512', 'hmac-sha1'] client compress:['none', 'zlib@openssh.com'] server compress:['none', 'zlib@openssh.com'] client lang:[''] server lang:[''] kex follows?False
DEB [20200902-15:24:21.484] thr=1   paramiko.transport: Kex agreed: curve25519-sha256@libssh.org
DEB [20200902-15:24:21.484] thr=1   paramiko.transport: HostKey agreed: ssh-ed25519
DEB [20200902-15:24:21.484] thr=1   paramiko.transport: Cipher agreed: aes128-ctr
DEB [20200902-15:24:21.484] thr=1   paramiko.transport: MAC agreed: hmac-sha2-256
DEB [20200902-15:24:21.484] thr=1   paramiko.transport: Compression agreed: none
DEB [20200902-15:24:21.491] thr=1   paramiko.transport: kex engine KexCurve25519 specified hash_algo <built-in function openssl_sha256>
DEB [20200902-15:24:21.491] thr=1   paramiko.transport: Switch to new keys ...
DEB [20200902-15:24:21.491] thr=2   paramiko.transport: Attempting password auth...
DEB [20200902-15:24:21.531] thr=1   paramiko.transport: userauth is OK
INF [20200902-15:24:21.548] thr=1   paramiko.transport: Authentication (password) successful!
DEB [20200902-15:24:21.549] thr=2   paramiko.transport: [chan 0] Max packet in: 32768 bytes
DEB [20200902-15:24:22.051] thr=1   paramiko.transport: Received global request "hostkeys-00@openssh.com"
DEB [20200902-15:24:22.051] thr=1   paramiko.transport: Rejecting "hostkeys-00@openssh.com" global request from server.
DEB [20200902-15:24:22.091] thr=1   paramiko.transport: [chan 0] Max packet out: 32768 bytes
DEB [20200902-15:24:22.091] thr=1   paramiko.transport: Secsh channel 0 opened.
DEB [20200902-15:24:22.093] thr=1   paramiko.transport: [chan 0] Sesch channel 0 request ok
INF [20200902-15:24:22.096] thr=2   paramiko.transport.sftp: [chan 0] Opened sftp connection (server version 3)
DEB [20200902-15:24:22.097] thr=2   paramiko.transport.sftp: [chan 0] normalize(b'.')
DEB [20200902-15:24:22.097] thr=2   paramiko.transport.sftp: [chan 0] stat(b'eyecare/outgoing')
DEB [20200902-15:24:22.097] thr=2   paramiko.transport.sftp: [chan 0] normalize(b'eyecare/outgoing')
DEB [20200902-15:24:22.098] thr=2   paramiko.transport.sftp: [chan 0] listdir(b'/home/Eyecare/eyecare/outgoing/.')
DEB [20200902-15:24:22.099] thr=2   paramiko.transport.sftp: [chan 0] stat(b'/home/Eyecare')
DEB [20200902-15:24:22.099] thr=2   paramiko.transport.sftp: [chan 0] normalize(b'/home/Eyecare')
INF [20200902-15:24:22.100] thr=2   paramiko.transport.sftp: [chan 0] sftp session closed.
DEB [20200902-15:24:22.100] thr=2   paramiko.transport: [chan 0] EOF sent (0)
DEB [20200902-15:25:33.443] thr=1   paramiko.transport: starting thread (client mode): 0xb77a0f0
DEB [20200902-15:25:33.443] thr=1   paramiko.transport: Local version/idstring: SSH-2.0-paramiko_2.7.2
DEB [20200902-15:25:33.444] thr=1   paramiko.transport: Remote version/idstring: SSH-2.0-OpenSSH_7.6p1 Ubuntu-4ubuntu0.3
INF [20200902-15:25:33.444] thr=1   paramiko.transport: Connected (version 2.0, client OpenSSH_7.6p1)
DEB [20200902-15:25:33.445] thr=1   paramiko.transport: kex algos:['curve25519-sha256', 'curve25519-sha256@libssh.org', 'ecdh-sha2-nistp256', 'ecdh-sha2-nistp384', 'ecdh-sha2-nistp521', 'diffie-hellman-group-exchange-sha256', 'diffie-hellman-group16-sha512', 'diffie-hellman-group18-sha512', 'diffie-hellman-group14-sha256', 'diffie-hellman-group14-sha1'] server key:['ssh-rsa', 'rsa-sha2-512', 'rsa-sha2-256', 'ecdsa-sha2-nistp256', 'ssh-ed25519'] client encrypt:['chacha20-poly1305@openssh.com', 'aes128-ctr', 'aes192-ctr', 'aes256-ctr', 'aes128-gcm@openssh.com', 'aes256-gcm@openssh.com'] server encrypt:['chacha20-poly1305@openssh.com', 'aes128-ctr', 'aes192-ctr', 'aes256-ctr', 'aes128-gcm@openssh.com', 'aes256-gcm@openssh.com'] client mac:['umac-64-etm@openssh.com', 'umac-128-etm@openssh.com', 'hmac-sha2-256-etm@openssh.com', 'hmac-sha2-512-etm@openssh.com', 'hmac-sha1-etm@openssh.com', 'umac-64@openssh.com', 'umac-128@openssh.com', 'hmac-sha2-256', 'hmac-sha2-512', 'hmac-sha1'] server mac:['umac-64-etm@openssh.com', 'umac-128-etm@openssh.com', 'hmac-sha2-256-etm@openssh.com', 'hmac-sha2-512-etm@openssh.com', 'hmac-sha1-etm@openssh.com', 'umac-64@openssh.com', 'umac-128@openssh.com', 'hmac-sha2-256', 'hmac-sha2-512', 'hmac-sha1'] client compress:['none', 'zlib@openssh.com'] server compress:['none', 'zlib@openssh.com'] client lang:[''] server lang:[''] kex follows?False
DEB [20200902-15:25:33.445] thr=1   paramiko.transport: Kex agreed: curve25519-sha256@libssh.org
DEB [20200902-15:25:33.445] thr=1   paramiko.transport: HostKey agreed: ssh-ed25519
DEB [20200902-15:25:33.445] thr=1   paramiko.transport: Cipher agreed: aes128-ctr
DEB [20200902-15:25:33.445] thr=1   paramiko.transport: MAC agreed: hmac-sha2-256
DEB [20200902-15:25:33.445] thr=1   paramiko.transport: Compression agreed: none
DEB [20200902-15:25:33.451] thr=1   paramiko.transport: kex engine KexCurve25519 specified hash_algo <built-in function openssl_sha256>
DEB [20200902-15:25:33.452] thr=1   paramiko.transport: Switch to new keys ...
DEB [20200902-15:25:33.452] thr=2   paramiko.transport: Attempting password auth...
DEB [20200902-15:25:33.495] thr=1   paramiko.transport: userauth is OK
INF [20200902-15:25:33.503] thr=1   paramiko.transport: Authentication (password) successful!
DEB [20200902-15:25:33.503] thr=2   paramiko.transport: [chan 0] Max packet in: 32768 bytes
DEB [20200902-15:25:34.006] thr=1   paramiko.transport: Received global request "hostkeys-00@openssh.com"
DEB [20200902-15:25:34.006] thr=1   paramiko.transport: Rejecting "hostkeys-00@openssh.com" global request from server.
DEB [20200902-15:25:34.047] thr=1   paramiko.transport: [chan 0] Max packet out: 32768 bytes
DEB [20200902-15:25:34.047] thr=1   paramiko.transport: Secsh channel 0 opened.
DEB [20200902-15:25:34.049] thr=1   paramiko.transport: [chan 0] Sesch channel 0 request ok
INF [20200902-15:25:34.052] thr=2   paramiko.transport.sftp: [chan 0] Opened sftp connection (server version 3)
DEB [20200902-15:25:34.053] thr=2   paramiko.transport.sftp: [chan 0] normalize(b'.')
DEB [20200902-15:25:34.053] thr=2   paramiko.transport.sftp: [chan 0] stat(b'eyecare/outgoing')
DEB [20200902-15:25:34.053] thr=2   paramiko.transport.sftp: [chan 0] normalize(b'eyecare/outgoing')
DEB [20200902-15:25:34.054] thr=2   paramiko.transport.sftp: [chan 0] listdir(b'/home/Eyecare/eyecare/outgoing/.')
DEB [20200902-15:25:34.055] thr=2   paramiko.transport.sftp: [chan 0] stat(b'/home/Eyecare')
DEB [20200902-15:25:34.056] thr=2   paramiko.transport.sftp: [chan 0] normalize(b'/home/Eyecare')
INF [20200902-15:25:34.056] thr=2   paramiko.transport.sftp: [chan 0] sftp session closed.
DEB [20200902-15:25:34.056] thr=2   paramiko.transport: [chan 0] EOF sent (0)
DEB [20200902-15:26:21.019] thr=1   paramiko.transport: starting thread (client mode): 0xb0e13048
DEB [20200902-15:26:21.019] thr=1   paramiko.transport: Local version/idstring: SSH-2.0-paramiko_2.7.2
DEB [20200902-15:26:21.019] thr=1   paramiko.transport: Remote version/idstring: SSH-2.0-OpenSSH_7.6p1 Ubuntu-4ubuntu0.3
INF [20200902-15:26:21.020] thr=1   paramiko.transport: Connected (version 2.0, client OpenSSH_7.6p1)
DEB [20200902-15:26:21.021] thr=1   paramiko.transport: kex algos:['curve25519-sha256', 'curve25519-sha256@libssh.org', 'ecdh-sha2-nistp256', 'ecdh-sha2-nistp384', 'ecdh-sha2-nistp521', 'diffie-hellman-group-exchange-sha256', 'diffie-hellman-group16-sha512', 'diffie-hellman-group18-sha512', 'diffie-hellman-group14-sha256', 'diffie-hellman-group14-sha1'] server key:['ssh-rsa', 'rsa-sha2-512', 'rsa-sha2-256', 'ecdsa-sha2-nistp256', 'ssh-ed25519'] client encrypt:['chacha20-poly1305@openssh.com', 'aes128-ctr', 'aes192-ctr', 'aes256-ctr', 'aes128-gcm@openssh.com', 'aes256-gcm@openssh.com'] server encrypt:['chacha20-poly1305@openssh.com', 'aes128-ctr', 'aes192-ctr', 'aes256-ctr', 'aes128-gcm@openssh.com', 'aes256-gcm@openssh.com'] client mac:['umac-64-etm@openssh.com', 'umac-128-etm@openssh.com', 'hmac-sha2-256-etm@openssh.com', 'hmac-sha2-512-etm@openssh.com', 'hmac-sha1-etm@openssh.com', 'umac-64@openssh.com', 'umac-128@openssh.com', 'hmac-sha2-256', 'hmac-sha2-512', 'hmac-sha1'] server mac:['umac-64-etm@openssh.com', 'umac-128-etm@openssh.com', 'hmac-sha2-256-etm@openssh.com', 'hmac-sha2-512-etm@openssh.com', 'hmac-sha1-etm@openssh.com', 'umac-64@openssh.com', 'umac-128@openssh.com', 'hmac-sha2-256', 'hmac-sha2-512', 'hmac-sha1'] client compress:['none', 'zlib@openssh.com'] server compress:['none', 'zlib@openssh.com'] client lang:[''] server lang:[''] kex follows?False
DEB [20200902-15:26:21.021] thr=1   paramiko.transport: Kex agreed: curve25519-sha256@libssh.org
DEB [20200902-15:26:21.021] thr=1   paramiko.transport: HostKey agreed: ssh-ed25519
DEB [20200902-15:26:21.021] thr=1   paramiko.transport: Cipher agreed: aes128-ctr
DEB [20200902-15:26:21.021] thr=1   paramiko.transport: MAC agreed: hmac-sha2-256
DEB [20200902-15:26:21.021] thr=1   paramiko.transport: Compression agreed: none
DEB [20200902-15:26:21.027] thr=1   paramiko.transport: kex engine KexCurve25519 specified hash_algo <built-in function openssl_sha256>
DEB [20200902-15:26:21.027] thr=1   paramiko.transport: Switch to new keys ...
DEB [20200902-15:26:21.028] thr=2   paramiko.transport: Attempting password auth...
DEB [20200902-15:26:21.071] thr=1   paramiko.transport: userauth is OK
INF [20200902-15:26:21.089] thr=1   paramiko.transport: Authentication (password) successful!
DEB [20200902-15:26:21.089] thr=2   paramiko.transport: [chan 0] Max packet in: 32768 bytes
DEB [20200902-15:26:21.597] thr=1   paramiko.transport: Received global request "hostkeys-00@openssh.com"
DEB [20200902-15:26:21.597] thr=1   paramiko.transport: Rejecting "hostkeys-00@openssh.com" global request from server.
DEB [20200902-15:26:21.639] thr=1   paramiko.transport: [chan 0] Max packet out: 32768 bytes
DEB [20200902-15:26:21.639] thr=1   paramiko.transport: Secsh channel 0 opened.
DEB [20200902-15:26:21.641] thr=1   paramiko.transport: [chan 0] Sesch channel 0 request ok
INF [20200902-15:26:21.646] thr=2   paramiko.transport.sftp: [chan 0] Opened sftp connection (server version 3)
DEB [20200902-15:26:21.646] thr=2   paramiko.transport.sftp: [chan 0] normalize(b'.')
DEB [20200902-15:26:21.646] thr=2   paramiko.transport.sftp: [chan 0] stat(b'eyecare/outgoing')
DEB [20200902-15:26:21.647] thr=2   paramiko.transport.sftp: [chan 0] normalize(b'eyecare/outgoing')
DEB [20200902-15:26:21.647] thr=2   paramiko.transport.sftp: [chan 0] listdir(b'/home/Eyecare/eyecare/outgoing/.')
DEB [20200902-15:26:21.649] thr=2   paramiko.transport.sftp: [chan 0] stat(b'/home/Eyecare')
DEB [20200902-15:26:21.650] thr=2   paramiko.transport.sftp: [chan 0] normalize(b'/home/Eyecare')
INF [20200902-15:26:21.650] thr=2   paramiko.transport.sftp: [chan 0] sftp session closed.
DEB [20200902-15:26:21.650] thr=2   paramiko.transport: [chan 0] EOF sent (0)
DEB [20200902-15:29:42.286] thr=1   paramiko.transport: starting thread (client mode): 0x7e547048
DEB [20200902-15:29:42.286] thr=1   paramiko.transport: Local version/idstring: SSH-2.0-paramiko_2.7.2
DEB [20200902-15:29:42.286] thr=1   paramiko.transport: Remote version/idstring: SSH-2.0-OpenSSH_7.6p1 Ubuntu-4ubuntu0.3
INF [20200902-15:29:42.286] thr=1   paramiko.transport: Connected (version 2.0, client OpenSSH_7.6p1)
DEB [20200902-15:29:42.287] thr=1   paramiko.transport: kex algos:['curve25519-sha256', 'curve25519-sha256@libssh.org', 'ecdh-sha2-nistp256', 'ecdh-sha2-nistp384', 'ecdh-sha2-nistp521', 'diffie-hellman-group-exchange-sha256', 'diffie-hellman-group16-sha512', 'diffie-hellman-group18-sha512', 'diffie-hellman-group14-sha256', 'diffie-hellman-group14-sha1'] server key:['ssh-rsa', 'rsa-sha2-512', 'rsa-sha2-256', 'ecdsa-sha2-nistp256', 'ssh-ed25519'] client encrypt:['chacha20-poly1305@openssh.com', 'aes128-ctr', 'aes192-ctr', 'aes256-ctr', 'aes128-gcm@openssh.com', 'aes256-gcm@openssh.com'] server encrypt:['chacha20-poly1305@openssh.com', 'aes128-ctr', 'aes192-ctr', 'aes256-ctr', 'aes128-gcm@openssh.com', 'aes256-gcm@openssh.com'] client mac:['umac-64-etm@openssh.com', 'umac-128-etm@openssh.com', 'hmac-sha2-256-etm@openssh.com', 'hmac-sha2-512-etm@openssh.com', 'hmac-sha1-etm@openssh.com', 'umac-64@openssh.com', 'umac-128@openssh.com', 'hmac-sha2-256', 'hmac-sha2-512', 'hmac-sha1'] server mac:['umac-64-etm@openssh.com', 'umac-128-etm@openssh.com', 'hmac-sha2-256-etm@openssh.com', 'hmac-sha2-512-etm@openssh.com', 'hmac-sha1-etm@openssh.com', 'umac-64@openssh.com', 'umac-128@openssh.com', 'hmac-sha2-256', 'hmac-sha2-512', 'hmac-sha1'] client compress:['none', 'zlib@openssh.com'] server compress:['none', 'zlib@openssh.com'] client lang:[''] server lang:[''] kex follows?False
DEB [20200902-15:29:42.287] thr=1   paramiko.transport: Kex agreed: curve25519-sha256@libssh.org
DEB [20200902-15:29:42.287] thr=1   paramiko.transport: HostKey agreed: ssh-ed25519
DEB [20200902-15:29:42.287] thr=1   paramiko.transport: Cipher agreed: aes128-ctr
DEB [20200902-15:29:42.287] thr=1   paramiko.transport: MAC agreed: hmac-sha2-256
DEB [20200902-15:29:42.287] thr=1   paramiko.transport: Compression agreed: none
DEB [20200902-15:29:42.294] thr=1   paramiko.transport: kex engine KexCurve25519 specified hash_algo <built-in function openssl_sha256>
DEB [20200902-15:29:42.294] thr=1   paramiko.transport: Switch to new keys ...
DEB [20200902-15:29:42.294] thr=2   paramiko.transport: Attempting password auth...
DEB [20200902-15:29:42.335] thr=1   paramiko.transport: userauth is OK
INF [20200902-15:29:42.343] thr=1   paramiko.transport: Authentication (password) successful!
DEB [20200902-15:29:42.343] thr=2   paramiko.transport: [chan 0] Max packet in: 32768 bytes
DEB [20200902-15:29:42.858] thr=1   paramiko.transport: Received global request "hostkeys-00@openssh.com"
DEB [20200902-15:29:42.859] thr=1   paramiko.transport: Rejecting "hostkeys-00@openssh.com" global request from server.
DEB [20200902-15:29:42.899] thr=1   paramiko.transport: [chan 0] Max packet out: 32768 bytes
DEB [20200902-15:29:42.899] thr=1   paramiko.transport: Secsh channel 0 opened.
DEB [20200902-15:29:42.902] thr=1   paramiko.transport: [chan 0] Sesch channel 0 request ok
INF [20200902-15:29:42.906] thr=2   paramiko.transport.sftp: [chan 0] Opened sftp connection (server version 3)
DEB [20200902-15:29:42.906] thr=2   paramiko.transport.sftp: [chan 0] normalize(b'.')
DEB [20200902-15:29:42.907] thr=2   paramiko.transport.sftp: [chan 0] stat(b'eyecare/outgoing')
DEB [20200902-15:29:42.907] thr=2   paramiko.transport.sftp: [chan 0] normalize(b'eyecare/outgoing')
DEB [20200902-15:29:42.907] thr=2   paramiko.transport.sftp: [chan 0] listdir(b'/home/Eyecare/eyecare/outgoing/.')
DEB [20200902-15:29:42.910] thr=2   paramiko.transport.sftp: [chan 0] stat(b'/home/Eyecare')
DEB [20200902-15:29:42.910] thr=2   paramiko.transport.sftp: [chan 0] normalize(b'/home/Eyecare')
INF [20200902-15:29:42.910] thr=2   paramiko.transport.sftp: [chan 0] sftp session closed.
DEB [20200902-15:29:42.910] thr=2   paramiko.transport: [chan 0] EOF sent (0)
DEB [20200902-15:45:41.323] thr=1   paramiko.transport: starting thread (client mode): 0x92010a58
DEB [20200902-15:45:41.323] thr=1   paramiko.transport: Local version/idstring: SSH-2.0-paramiko_2.7.2
DEB [20200902-15:45:41.323] thr=1   paramiko.transport: Remote version/idstring: SSH-2.0-OpenSSH_7.6p1 Ubuntu-4ubuntu0.3
INF [20200902-15:45:41.323] thr=1   paramiko.transport: Connected (version 2.0, client OpenSSH_7.6p1)
DEB [20200902-15:45:41.324] thr=1   paramiko.transport: kex algos:['curve25519-sha256', 'curve25519-sha256@libssh.org', 'ecdh-sha2-nistp256', 'ecdh-sha2-nistp384', 'ecdh-sha2-nistp521', 'diffie-hellman-group-exchange-sha256', 'diffie-hellman-group16-sha512', 'diffie-hellman-group18-sha512', 'diffie-hellman-group14-sha256', 'diffie-hellman-group14-sha1'] server key:['ssh-rsa', 'rsa-sha2-512', 'rsa-sha2-256', 'ecdsa-sha2-nistp256', 'ssh-ed25519'] client encrypt:['chacha20-poly1305@openssh.com', 'aes128-ctr', 'aes192-ctr', 'aes256-ctr', 'aes128-gcm@openssh.com', 'aes256-gcm@openssh.com'] server encrypt:['chacha20-poly1305@openssh.com', 'aes128-ctr', 'aes192-ctr', 'aes256-ctr', 'aes128-gcm@openssh.com', 'aes256-gcm@openssh.com'] client mac:['umac-64-etm@openssh.com', 'umac-128-etm@openssh.com', 'hmac-sha2-256-etm@openssh.com', 'hmac-sha2-512-etm@openssh.com', 'hmac-sha1-etm@openssh.com', 'umac-64@openssh.com', 'umac-128@openssh.com', 'hmac-sha2-256', 'hmac-sha2-512', 'hmac-sha1'] server mac:['umac-64-etm@openssh.com', 'umac-128-etm@openssh.com', 'hmac-sha2-256-etm@openssh.com', 'hmac-sha2-512-etm@openssh.com', 'hmac-sha1-etm@openssh.com', 'umac-64@openssh.com', 'umac-128@openssh.com', 'hmac-sha2-256', 'hmac-sha2-512', 'hmac-sha1'] client compress:['none', 'zlib@openssh.com'] server compress:['none', 'zlib@openssh.com'] client lang:[''] server lang:[''] kex follows?False
DEB [20200902-15:45:41.324] thr=1   paramiko.transport: Kex agreed: curve25519-sha256@libssh.org
DEB [20200902-15:45:41.324] thr=1   paramiko.transport: HostKey agreed: ssh-ed25519
DEB [20200902-15:45:41.324] thr=1   paramiko.transport: Cipher agreed: aes128-ctr
DEB [20200902-15:45:41.324] thr=1   paramiko.transport: MAC agreed: hmac-sha2-256
DEB [20200902-15:45:41.324] thr=1   paramiko.transport: Compression agreed: none
DEB [20200902-15:45:41.331] thr=1   paramiko.transport: kex engine KexCurve25519 specified hash_algo <built-in function openssl_sha256>
DEB [20200902-15:45:41.331] thr=1   paramiko.transport: Switch to new keys ...
DEB [20200902-15:45:41.331] thr=2   paramiko.transport: Attempting password auth...
DEB [20200902-15:45:41.371] thr=1   paramiko.transport: userauth is OK
INF [20200902-15:45:41.379] thr=1   paramiko.transport: Authentication (password) successful!
DEB [20200902-15:45:41.379] thr=2   paramiko.transport: [chan 0] Max packet in: 32768 bytes
DEB [20200902-15:45:41.897] thr=1   paramiko.transport: Received global request "hostkeys-00@openssh.com"
DEB [20200902-15:45:41.897] thr=1   paramiko.transport: Rejecting "hostkeys-00@openssh.com" global request from server.
DEB [20200902-15:45:41.939] thr=1   paramiko.transport: [chan 0] Max packet out: 32768 bytes
DEB [20200902-15:45:41.939] thr=1   paramiko.transport: Secsh channel 0 opened.
DEB [20200902-15:45:41.941] thr=1   paramiko.transport: [chan 0] Sesch channel 0 request ok
INF [20200902-15:45:41.946] thr=2   paramiko.transport.sftp: [chan 0] Opened sftp connection (server version 3)
DEB [20200902-15:45:41.946] thr=2   paramiko.transport.sftp: [chan 0] normalize(b'.')
DEB [20200902-15:45:41.946] thr=2   paramiko.transport.sftp: [chan 0] stat(b'eyecare/outgoing')
DEB [20200902-15:45:41.947] thr=2   paramiko.transport.sftp: [chan 0] normalize(b'eyecare/outgoing')
DEB [20200902-15:45:41.947] thr=2   paramiko.transport.sftp: [chan 0] listdir(b'/home/Eyecare/eyecare/outgoing/.')
DEB [20200902-15:45:41.949] thr=2   paramiko.transport.sftp: [chan 0] stat(b'/home/Eyecare/eyecare/outgoing/230620200944-A132380-H20017-Error.txt')
DEB [20200902-15:45:41.950] thr=2   paramiko.transport.sftp: [chan 0] open(b'/home/Eyecare/eyecare/outgoing/230620200944-A132380-H20017-Error.txt', 'rb')
DEB [20200902-15:45:41.950] thr=2   paramiko.transport.sftp: [chan 0] open(b'/home/Eyecare/eyecare/outgoing/230620200944-A132380-H20017-Error.txt', 'rb') -> 00000000
DEB [20200902-15:45:41.960] thr=2   paramiko.transport.sftp: [chan 0] close(00000000)
DEB [20200902-15:45:41.961] thr=2   paramiko.transport.sftp: [chan 0] stat(b'/home/Eyecare/eyecare/outgoing/230620200944-A132380-H20017-ExceptionReport.txt')
DEB [20200902-15:45:41.961] thr=2   paramiko.transport.sftp: [chan 0] open(b'/home/Eyecare/eyecare/outgoing/230620200944-A132380-H20017-ExceptionReport.txt', 'rb')
DEB [20200902-15:45:41.961] thr=2   paramiko.transport.sftp: [chan 0] open(b'/home/Eyecare/eyecare/outgoing/230620200944-A132380-H20017-ExceptionReport.txt', 'rb') -> 00000000
DEB [20200902-15:45:41.972] thr=2   paramiko.transport.sftp: [chan 0] close(00000000)
DEB [20200902-15:45:41.973] thr=2   paramiko.transport.sftp: [chan 0] stat(b'/home/Eyecare/eyecare/outgoing/230620200944-A132380-H20017-SummaryReport.txt')
DEB [20200902-15:45:41.973] thr=2   paramiko.transport.sftp: [chan 0] open(b'/home/Eyecare/eyecare/outgoing/230620200944-A132380-H20017-SummaryReport.txt', 'rb')
DEB [20200902-15:45:41.973] thr=2   paramiko.transport.sftp: [chan 0] open(b'/home/Eyecare/eyecare/outgoing/230620200944-A132380-H20017-SummaryReport.txt', 'rb') -> 00000000
DEB [20200902-15:45:41.984] thr=2   paramiko.transport.sftp: [chan 0] close(00000000)
DEB [20200902-15:45:41.985] thr=2   paramiko.transport.sftp: [chan 0] stat(b'/home/Eyecare')
DEB [20200902-15:45:41.985] thr=2   paramiko.transport.sftp: [chan 0] normalize(b'/home/Eyecare')
INF [20200902-15:45:41.985] thr=2   paramiko.transport.sftp: [chan 0] sftp session closed.
DEB [20200902-15:45:41.985] thr=2   paramiko.transport: [chan 0] EOF sent (0)
DEB [20200902-15:45:41.986] thr=1   paramiko.transport: [chan 0] EOF received (0)
DEB [20200902-15:49:25.979] thr=1   paramiko.transport: starting thread (client mode): 0x4ebe7a20
DEB [20200902-15:49:25.979] thr=1   paramiko.transport: Local version/idstring: SSH-2.0-paramiko_2.7.2
DEB [20200902-15:49:25.980] thr=1   paramiko.transport: Remote version/idstring: SSH-2.0-OpenSSH_7.6p1 Ubuntu-4ubuntu0.3
INF [20200902-15:49:25.980] thr=1   paramiko.transport: Connected (version 2.0, client OpenSSH_7.6p1)
DEB [20200902-15:49:25.981] thr=1   paramiko.transport: kex algos:['curve25519-sha256', 'curve25519-sha256@libssh.org', 'ecdh-sha2-nistp256', 'ecdh-sha2-nistp384', 'ecdh-sha2-nistp521', 'diffie-hellman-group-exchange-sha256', 'diffie-hellman-group16-sha512', 'diffie-hellman-group18-sha512', 'diffie-hellman-group14-sha256', 'diffie-hellman-group14-sha1'] server key:['ssh-rsa', 'rsa-sha2-512', 'rsa-sha2-256', 'ecdsa-sha2-nistp256', 'ssh-ed25519'] client encrypt:['chacha20-poly1305@openssh.com', 'aes128-ctr', 'aes192-ctr', 'aes256-ctr', 'aes128-gcm@openssh.com', 'aes256-gcm@openssh.com'] server encrypt:['chacha20-poly1305@openssh.com', 'aes128-ctr', 'aes192-ctr', 'aes256-ctr', 'aes128-gcm@openssh.com', 'aes256-gcm@openssh.com'] client mac:['umac-64-etm@openssh.com', 'umac-128-etm@openssh.com', 'hmac-sha2-256-etm@openssh.com', 'hmac-sha2-512-etm@openssh.com', 'hmac-sha1-etm@openssh.com', 'umac-64@openssh.com', 'umac-128@openssh.com', 'hmac-sha2-256', 'hmac-sha2-512', 'hmac-sha1'] server mac:['umac-64-etm@openssh.com', 'umac-128-etm@openssh.com', 'hmac-sha2-256-etm@openssh.com', 'hmac-sha2-512-etm@openssh.com', 'hmac-sha1-etm@openssh.com', 'umac-64@openssh.com', 'umac-128@openssh.com', 'hmac-sha2-256', 'hmac-sha2-512', 'hmac-sha1'] client compress:['none', 'zlib@openssh.com'] server compress:['none', 'zlib@openssh.com'] client lang:[''] server lang:[''] kex follows?False
DEB [20200902-15:49:25.981] thr=1   paramiko.transport: Kex agreed: curve25519-sha256@libssh.org
DEB [20200902-15:49:25.981] thr=1   paramiko.transport: HostKey agreed: ssh-ed25519
DEB [20200902-15:49:25.981] thr=1   paramiko.transport: Cipher agreed: aes128-ctr
DEB [20200902-15:49:25.981] thr=1   paramiko.transport: MAC agreed: hmac-sha2-256
DEB [20200902-15:49:25.981] thr=1   paramiko.transport: Compression agreed: none
DEB [20200902-15:49:25.988] thr=1   paramiko.transport: kex engine KexCurve25519 specified hash_algo <built-in function openssl_sha256>
DEB [20200902-15:49:25.988] thr=1   paramiko.transport: Switch to new keys ...
DEB [20200902-15:49:25.988] thr=2   paramiko.transport: Attempting password auth...
DEB [20200902-15:49:26.031] thr=1   paramiko.transport: userauth is OK
INF [20200902-15:49:26.041] thr=1   paramiko.transport: Authentication (password) successful!
DEB [20200902-15:49:26.041] thr=2   paramiko.transport: [chan 0] Max packet in: 32768 bytes
DEB [20200902-15:49:26.552] thr=1   paramiko.transport: Received global request "hostkeys-00@openssh.com"
DEB [20200902-15:49:26.552] thr=1   paramiko.transport: Rejecting "hostkeys-00@openssh.com" global request from server.
DEB [20200902-15:49:26.595] thr=1   paramiko.transport: [chan 0] Max packet out: 32768 bytes
DEB [20200902-15:49:26.595] thr=1   paramiko.transport: Secsh channel 0 opened.
DEB [20200902-15:49:26.597] thr=1   paramiko.transport: [chan 0] Sesch channel 0 request ok
INF [20200902-15:49:26.603] thr=2   paramiko.transport.sftp: [chan 0] Opened sftp connection (server version 3)
DEB [20200902-15:49:26.604] thr=2   paramiko.transport.sftp: [chan 0] normalize(b'.')
DEB [20200902-15:49:26.605] thr=2   paramiko.transport.sftp: [chan 0] stat(b'eyecare/outgoing')
DEB [20200902-15:49:26.605] thr=2   paramiko.transport.sftp: [chan 0] normalize(b'eyecare/outgoing')
DEB [20200902-15:49:26.606] thr=2   paramiko.transport.sftp: [chan 0] listdir(b'/home/Eyecare/eyecare/outgoing/.')
DEB [20200902-15:49:26.608] thr=2   paramiko.transport.sftp: [chan 0] stat(b'/home/Eyecare/eyecare/outgoing/230620200944-A132380-H20017-Error.txt')
DEB [20200902-15:49:26.608] thr=2   paramiko.transport.sftp: [chan 0] open(b'/home/Eyecare/eyecare/outgoing/230620200944-A132380-H20017-Error.txt', 'rb')
DEB [20200902-15:49:26.609] thr=2   paramiko.transport.sftp: [chan 0] open(b'/home/Eyecare/eyecare/outgoing/230620200944-A132380-H20017-Error.txt', 'rb') -> 00000000
DEB [20200902-15:49:26.618] thr=2   paramiko.transport.sftp: [chan 0] close(00000000)
DEB [20200902-15:49:26.618] thr=2   paramiko.transport.sftp: [chan 0] stat(b'/home/Eyecare/eyecare/outgoing/230620200944-A132380-H20017-ExceptionReport.txt')
DEB [20200902-15:49:26.618] thr=2   paramiko.transport.sftp: [chan 0] open(b'/home/Eyecare/eyecare/outgoing/230620200944-A132380-H20017-ExceptionReport.txt', 'rb')
DEB [20200902-15:49:26.619] thr=2   paramiko.transport.sftp: [chan 0] open(b'/home/Eyecare/eyecare/outgoing/230620200944-A132380-H20017-ExceptionReport.txt', 'rb') -> 00000000
DEB [20200902-15:49:26.628] thr=2   paramiko.transport.sftp: [chan 0] close(00000000)
DEB [20200902-15:49:26.629] thr=2   paramiko.transport.sftp: [chan 0] stat(b'/home/Eyecare/eyecare/outgoing/230620200944-A132380-H20017-SummaryReport.txt')
DEB [20200902-15:49:26.629] thr=2   paramiko.transport.sftp: [chan 0] open(b'/home/Eyecare/eyecare/outgoing/230620200944-A132380-H20017-SummaryReport.txt', 'rb')
DEB [20200902-15:49:26.629] thr=2   paramiko.transport.sftp: [chan 0] open(b'/home/Eyecare/eyecare/outgoing/230620200944-A132380-H20017-SummaryReport.txt', 'rb') -> 00000000
DEB [20200902-15:49:26.640] thr=2   paramiko.transport.sftp: [chan 0] close(00000000)
DEB [20200902-15:49:27.378] thr=2   paramiko.transport.sftp: [chan 0] stat(b'/home/Eyecare')
DEB [20200902-15:49:27.379] thr=2   paramiko.transport.sftp: [chan 0] normalize(b'/home/Eyecare')
INF [20200902-15:49:27.380] thr=2   paramiko.transport.sftp: [chan 0] sftp session closed.
DEB [20200902-15:49:27.380] thr=2   paramiko.transport: [chan 0] EOF sent (0)
DEB [20200902-15:49:27.382] thr=1   paramiko.transport: [chan 0] EOF received (0)
